This file contains any messages produced by compilers while
running configure, to aid debugging if configure makes a mistake.

It was created by configure, which was
generated by GNU Autoconf 2.59.  Invocation command line was

  $ ./configure --enable-maintainer-mode

## --------- ##
## Platform. ##
## --------- ##

hostname = ouranos
uname -m = i686
uname -r = 2.6.13+susp2
uname -s = Linux
uname -v = #1 Mon Sep 12 17:44:08 CEST 2005

/usr/bin/uname -p = unknown
/bin/uname -X     = unknown

/bin/arch              = i686
/usr/bin/arch -k       = unknown
/usr/convex/getsysinfo = unknown
hostinfo               = unknown
/bin/machine           = unknown
/usr/bin/oslevel       = unknown
/bin/universe          = unknown

PATH: /usr/local/bin
PATH: /usr/bin
PATH: /bin
PATH: /usr/bin/X11
PATH: /usr/games
PATH: /home/sukria/bin


## ----------- ##
## Core tests. ##
## ----------- ##

configure:1356: checking for a BSD-compatible install
configure:1411: result: /usr/bin/install -c
configure:1422: checking whether build environment is sane
configure:1465: result: yes
configure:1522: checking for gawk
configure:1551: result: no
configure:1522: checking for mawk
configure:1538: found /usr/bin/mawk
configure:1548: result: mawk
configure:1558: checking whether make sets $(MAKE)
configure:1578: result: yes
configure:1744: checking whether to enable maintainer-specific portions of Makefiles
configure:1753: result: yes
configure:1781: checking for style of include used by make
configure:1809: result: GNU
configure:1880: checking for gcc
configure:1896: found /usr/bin/gcc
configure:1906: result: gcc
configure:2150: checking for C compiler version
configure:2153: gcc --version </dev/null >&5
gcc (GCC) 3.3.6 (Debian 1:3.3.6-9)
Copyright (C) 2003 Free Software Foundation, Inc.
This is free software; see the source for copying conditions.  There is NO
warranty; not even for MERCHANTABILITY or FITNESS FOR A PARTICULAR PURPOSE.

configure:2156: $? = 0
configure:2158: gcc -v </dev/null >&5
Reading specs from /usr/lib/gcc-lib/i486-linux-gnu/3.3.6/specs
Configured with: ../src/configure -v --enable-languages=c,c++,ada --prefix=/usr --mandir=/usr/share/man --infodir=/usr/share/info --with-gxx-include-dir=/usr/include/c++/3.3 --enable-shared --enable-__cxa_atexit --with-system-zlib --enable-nls --without-included-gettext --enable-clocale=gnu --enable-debug i486-linux-gnu
Thread model: posix
gcc version 3.3.6 (Debian 1:3.3.6-9)
configure:2161: $? = 0
configure:2163: gcc -V </dev/null >&5
gcc: `-V' option must have argument
configure:2166: $? = 1
configure:2189: checking for C compiler default output file name
configure:2192: gcc    conftest.c  >&5
configure:2195: $? = 0
configure:2241: result: a.out
configure:2246: checking whether the C compiler works
configure:2252: ./a.out
configure:2255: $? = 0
configure:2272: result: yes
configure:2279: checking whether we are cross compiling
configure:2281: result: no
configure:2284: checking for suffix of executables
configure:2286: gcc -o conftest    conftest.c  >&5
configure:2289: $? = 0
configure:2314: result: 
configure:2320: checking for suffix of object files
configure:2341: gcc -c   conftest.c >&5
configure:2344: $? = 0
configure:2366: result: o
configure:2370: checking whether we are using the GNU C compiler
configure:2394: gcc -c   conftest.c >&5
configure:2400: $? = 0
configure:2403: test -z 			 || test ! -s conftest.err
configure:2406: $? = 0
configure:2409: test -s conftest.o
configure:2412: $? = 0
configure:2425: result: yes
configure:2431: checking whether gcc accepts -g
configure:2452: gcc -c -g  conftest.c >&5
configure:2458: $? = 0
configure:2461: test -z 			 || test ! -s conftest.err
configure:2464: $? = 0
configure:2467: test -s conftest.o
configure:2470: $? = 0
configure:2481: result: yes
configure:2498: checking for gcc option to accept ANSI C
configure:2568: gcc  -c -g -O2  conftest.c >&5
configure:2574: $? = 0
configure:2577: test -z 			 || test ! -s conftest.err
configure:2580: $? = 0
configure:2583: test -s conftest.o
configure:2586: $? = 0
configure:2604: result: none needed
configure:2622: gcc -c -g -O2  conftest.c >&5
conftest.c:2: error: syntax error before "me"
configure:2628: $? = 1
configure: failed program was:
| #ifndef __cplusplus
|   choke me
| #endif
configure:2760: checking dependency style of gcc
configure:2850: result: gcc3
configure:2868: checking for library containing strerror
configure:2898: gcc -o conftest -g -O2   conftest.c  >&5
configure:2904: $? = 0
configure:2907: test -z 			 || test ! -s conftest.err
configure:2910: $? = 0
configure:2913: test -s conftest
configure:2916: $? = 0
configure:2985: result: none required
configure:3038: checking for gcc
configure:3064: result: gcc
configure:3308: checking for C compiler version
configure:3311: gcc --version </dev/null >&5
gcc (GCC) 3.3.6 (Debian 1:3.3.6-9)
Copyright (C) 2003 Free Software Foundation, Inc.
This is free software; see the source for copying conditions.  There is NO
warranty; not even for MERCHANTABILITY or FITNESS FOR A PARTICULAR PURPOSE.

configure:3314: $? = 0
configure:3316: gcc -v </dev/null >&5
Reading specs from /usr/lib/gcc-lib/i486-linux-gnu/3.3.6/specs
Configured with: ../src/configure -v --enable-languages=c,c++,ada --prefix=/usr --mandir=/usr/share/man --infodir=/usr/share/info --with-gxx-include-dir=/usr/include/c++/3.3 --enable-shared --enable-__cxa_atexit --with-system-zlib --enable-nls --without-included-gettext --enable-clocale=gnu --enable-debug i486-linux-gnu
Thread model: posix
gcc version 3.3.6 (Debian 1:3.3.6-9)
configure:3319: $? = 0
configure:3321: gcc -V </dev/null >&5
gcc: `-V' option must have argument
configure:3324: $? = 1
configure:3327: checking whether we are using the GNU C compiler
configure:3382: result: yes
configure:3388: checking whether gcc accepts -g
configure:3438: result: yes
configure:3455: checking for gcc option to accept ANSI C
configure:3561: result: none needed
configure:3579: gcc -c -g -O2  conftest.c >&5
conftest.c:2: error: syntax error before "me"
configure:3585: $? = 1
configure: failed program was:
| #ifndef __cplusplus
|   choke me
| #endif
configure:3717: checking dependency style of gcc
configure:3807: result: gcc3
configure:3870: checking for gcc
configure:3896: result: gcc
configure:4140: checking for C compiler version
configure:4143: gcc --version </dev/null >&5
gcc (GCC) 3.3.6 (Debian 1:3.3.6-9)
Copyright (C) 2003 Free Software Foundation, Inc.
This is free software; see the source for copying conditions.  There is NO
warranty; not even for MERCHANTABILITY or FITNESS FOR A PARTICULAR PURPOSE.

configure:4146: $? = 0
configure:4148: gcc -v </dev/null >&5
Reading specs from /usr/lib/gcc-lib/i486-linux-gnu/3.3.6/specs
Configured with: ../src/configure -v --enable-languages=c,c++,ada --prefix=/usr --mandir=/usr/share/man --infodir=/usr/share/info --with-gxx-include-dir=/usr/include/c++/3.3 --enable-shared --enable-__cxa_atexit --with-system-zlib --enable-nls --without-included-gettext --enable-clocale=gnu --enable-debug i486-linux-gnu
Thread model: posix
gcc version 3.3.6 (Debian 1:3.3.6-9)
configure:4151: $? = 0
configure:4153: gcc -V </dev/null >&5
gcc: `-V' option must have argument
configure:4156: $? = 1
configure:4159: checking whether we are using the GNU C compiler
configure:4214: result: yes
configure:4220: checking whether gcc accepts -g
configure:4270: result: yes
configure:4287: checking for gcc option to accept ANSI C
configure:4393: result: none needed
configure:4411: gcc -c -g -O2  conftest.c >&5
conftest.c:2: error: syntax error before "me"
configure:4417: $? = 1
configure: failed program was:
| #ifndef __cplusplus
|   choke me
| #endif
configure:4549: checking dependency style of gcc
configure:4639: result: gcc3
configure:4664: checking how to run the C preprocessor
configure:4699: gcc -E  conftest.c
configure:4705: $? = 0
configure:4737: gcc -E  conftest.c
conftest.c:11:28: ac_nonexistent.h: No such file or directory
configure:4743: $? = 1
configure: failed program was:
| /* confdefs.h.  */
| 
| #define PACKAGE_NAME ""
| #define PACKAGE_TARNAME ""
| #define PACKAGE_VERSION ""
| #define PACKAGE_STRING ""
| #define PACKAGE_BUGREPORT ""
| #define PACKAGE "backup-manager-ui"
| #define VERSION "0.1"
| /* end confdefs.h.  */
| #include <ac_nonexistent.h>
configure:4782: result: gcc -E
configure:4806: gcc -E  conftest.c
configure:4812: $? = 0
configure:4844: gcc -E  conftest.c
conftest.c:11:28: ac_nonexistent.h: No such file or directory
configure:4850: $? = 1
configure: failed program was:
| /* confdefs.h.  */
| 
| #define PACKAGE_NAME ""
| #define PACKAGE_TARNAME ""
| #define PACKAGE_VERSION ""
| #define PACKAGE_STRING ""
| #define PACKAGE_BUGREPORT ""
| #define PACKAGE "backup-manager-ui"
| #define VERSION "0.1"
| /* end confdefs.h.  */
| #include <ac_nonexistent.h>
configure:4894: checking for egrep
configure:4904: result: grep -E
configure:4909: checking for ANSI C header files
configure:4934: gcc -c -g -O2  conftest.c >&5
configure:4940: $? = 0
configure:4943: test -z 			 || test ! -s conftest.err
configure:4946: $? = 0
configure:4949: test -s conftest.o
configure:4952: $? = 0
configure:5041: gcc -o conftest -g -O2   conftest.c  >&5
configure:5044: $? = 0
configure:5046: ./conftest
configure:5049: $? = 0
configure:5064: result: yes
configure:5124: checking for pkg-config
configure:5142: found /usr/bin/pkg-config
configure:5154: result: /usr/bin/pkg-config
configure:5169: checking pkg-config is at least version 0.9.0
configure:5172: result: yes
configure:5183: checking for PACKAGE
configure:5188: $PKG_CONFIG --exists --print-errors "$pkg_modules"
configure:5191: $? = 0
configure:5202: $PKG_CONFIG --exists --print-errors "$pkg_modules"
configure:5205: $? = 0
configure:5260: result: yes
configure:5290: checking for sys/types.h
configure:5306: gcc -c -g -O2  conftest.c >&5
configure:5312: $? = 0
configure:5315: test -z 			 || test ! -s conftest.err
configure:5318: $? = 0
configure:5321: test -s conftest.o
configure:5324: $? = 0
configure:5335: result: yes
configure:5290: checking for sys/stat.h
configure:5306: gcc -c -g -O2  conftest.c >&5
configure:5312: $? = 0
configure:5315: test -z 			 || test ! -s conftest.err
configure:5318: $? = 0
configure:5321: test -s conftest.o
configure:5324: $? = 0
configure:5335: result: yes
configure:5290: checking for stdlib.h
configure:5306: gcc -c -g -O2  conftest.c >&5
configure:5312: $? = 0
configure:5315: test -z 			 || test ! -s conftest.err
configure:5318: $? = 0
configure:5321: test -s conftest.o
configure:5324: $? = 0
configure:5335: result: yes
configure:5290: checking for string.h
configure:5306: gcc -c -g -O2  conftest.c >&5
configure:5312: $? = 0
configure:5315: test -z 			 || test ! -s conftest.err
configure:5318: $? = 0
configure:5321: test -s conftest.o
configure:5324: $? = 0
configure:5335: result: yes
configure:5290: checking for memory.h
configure:5306: gcc -c -g -O2  conftest.c >&5
configure:5312: $? = 0
configure:5315: test -z 			 || test ! -s conftest.err
configure:5318: $? = 0
configure:5321: test -s conftest.o
configure:5324: $? = 0
configure:5335: result: yes
configure:5290: checking for strings.h
configure:5306: gcc -c -g -O2  conftest.c >&5
configure:5312: $? = 0
configure:5315: test -z 			 || test ! -s conftest.err
configure:5318: $? = 0
configure:5321: test -s conftest.o
configure:5324: $? = 0
configure:5335: result: yes
configure:5290: checking for inttypes.h
configure:5306: gcc -c -g -O2  conftest.c >&5
configure:5312: $? = 0
configure:5315: test -z 			 || test ! -s conftest.err
configure:5318: $? = 0
configure:5321: test -s conftest.o
configure:5324: $? = 0
configure:5335: result: yes
configure:5290: checking for stdint.h
configure:5306: gcc -c -g -O2  conftest.c >&5
configure:5312: $? = 0
configure:5315: test -z 			 || test ! -s conftest.err
configure:5318: $? = 0
configure:5321: test -s conftest.o
configure:5324: $? = 0
configure:5335: result: yes
configure:5290: checking for unistd.h
configure:5306: gcc -c -g -O2  conftest.c >&5
configure:5312: $? = 0
configure:5315: test -z 			 || test ! -s conftest.err
configure:5318: $? = 0
configure:5321: test -s conftest.o
configure:5324: $? = 0
configure:5335: result: yes
configure:5362: checking locale.h usability
configure:5374: gcc -c -g -O2  conftest.c >&5
configure:5380: $? = 0
configure:5383: test -z 			 || test ! -s conftest.err
configure:5386: $? = 0
configure:5389: test -s conftest.o
configure:5392: $? = 0
configure:5402: result: yes
configure:5406: checking locale.h presence
configure:5416: gcc -E  conftest.c
configure:5422: $? = 0
configure:5442: result: yes
configure:5477: checking for locale.h
configure:5484: result: yes
configure:5498: checking for LC_MESSAGES
configure:5519: gcc -o conftest -g -O2   conftest.c  >&5
configure:5525: $? = 0
configure:5528: test -z 			 || test ! -s conftest.err
configure:5531: $? = 0
configure:5534: test -s conftest
configure:5537: $? = 0
configure:5549: result: yes
configure:5578: checking libintl.h usability
configure:5590: gcc -c -g -O2  conftest.c >&5
configure:5596: $? = 0
configure:5599: test -z 			 || test ! -s conftest.err
configure:5602: $? = 0
configure:5605: test -s conftest.o
configure:5608: $? = 0
configure:5618: result: yes
configure:5622: checking libintl.h presence
configure:5632: gcc -E  conftest.c
configure:5638: $? = 0
configure:5658: result: yes
configure:5693: checking for libintl.h
configure:5700: result: yes
configure:5711: checking for ngettext in libc
configure:5734: gcc -o conftest -g -O2   conftest.c  >&5
configure:5740: $? = 0
configure:5743: test -z 			 || test ! -s conftest.err
configure:5746: $? = 0
configure:5749: test -s conftest
configure:5752: $? = 0
configure:5765: result: yes
configure:5769: checking for dgettext in libc
configure:5792: gcc -o conftest -g -O2   conftest.c  >&5
configure:5798: $? = 0
configure:5801: test -z 			 || test ! -s conftest.err
configure:5804: $? = 0
configure:5807: test -s conftest
configure:5810: $? = 0
configure:5823: result: yes
configure:5832: checking for bind_textdomain_codeset
configure:5889: gcc -o conftest -g -O2   conftest.c  >&5
configure:5895: $? = 0
configure:5898: test -z 			 || test ! -s conftest.err
configure:5901: $? = 0
configure:5904: test -s conftest
configure:5907: $? = 0
configure:5919: result: yes
configure:6423: checking for msgfmt
configure:6450: result: /usr/bin/msgfmt
configure:6463: checking for dcgettext
configure:6520: gcc -o conftest -g -O2   conftest.c   >&5
configure:6526: $? = 0
configure:6529: test -z 			 || test ! -s conftest.err
configure:6532: $? = 0
configure:6535: test -s conftest
configure:6538: $? = 0
configure:6550: result: yes
configure:6562: checking for gmsgfmt
configure:6593: result: /usr/bin/msgfmt
configure:6602: checking for xgettext
configure:6629: result: /usr/bin/xgettext
configure:6653: gcc -o conftest -g -O2   conftest.c   >&5
configure:6659: $? = 0
configure:6662: test -z 			 || test ! -s conftest.err
configure:6665: $? = 0
configure:6668: test -s conftest
configure:6671: $? = 0
configure:7032: creating ./config.status

## ---------------------- ##
## Running config.status. ##
## ---------------------- ##

This file was extended by config.status, which was
generated by GNU Autoconf 2.59.  Invocation command line was

  CONFIG_FILES    = 
  CONFIG_HEADERS  = 
  CONFIG_LINKS    = 
  CONFIG_COMMANDS = 
  $ ./config.status 

on ouranos

config.status:753: creating Makefile
config.status:753: creating src/Makefile
config.status:753: creating po/Makefile.in
config.status:819: creating config.h
config.status:939: config.h is unchanged
config.status:1119: executing depfiles commands
config.status:1119: executing default-1 commands

## ---------------- ##
## Cache variables. ##
## ---------------- ##

ac_cv_c_compiler_gnu=yes
ac_cv_env_CC_set=
ac_cv_env_CC_value=
ac_cv_env_CFLAGS_set=
ac_cv_env_CFLAGS_value=
ac_cv_env_CPPFLAGS_set=
ac_cv_env_CPPFLAGS_value=
ac_cv_env_CPP_set=
ac_cv_env_CPP_value=
ac_cv_env_LDFLAGS_set=
ac_cv_env_LDFLAGS_value=
ac_cv_env_PACKAGE_CFLAGS_set=
ac_cv_env_PACKAGE_CFLAGS_value=
ac_cv_env_PACKAGE_LIBS_set=
ac_cv_env_PACKAGE_LIBS_value=
ac_cv_env_PKG_CONFIG_set=
ac_cv_env_PKG_CONFIG_value=
ac_cv_env_build_alias_set=
ac_cv_env_build_alias_value=
ac_cv_env_host_alias_set=
ac_cv_env_host_alias_value=
ac_cv_env_target_alias_set=
ac_cv_env_target_alias_value=
ac_cv_exeext=
ac_cv_func_bind_textdomain_codeset=yes
ac_cv_func_dcgettext=yes
ac_cv_header_inttypes_h=yes
ac_cv_header_libintl_h=yes
ac_cv_header_locale_h=yes
ac_cv_header_memory_h=yes
ac_cv_header_stdc=yes
ac_cv_header_stdint_h=yes
ac_cv_header_stdlib_h=yes
ac_cv_header_string_h=yes
ac_cv_header_strings_h=yes
ac_cv_header_sys_stat_h=yes
ac_cv_header_sys_types_h=yes
ac_cv_header_unistd_h=yes
ac_cv_objext=o
ac_cv_path_GMSGFMT=/usr/bin/msgfmt
ac_cv_path_MSGFMT=/usr/bin/msgfmt
ac_cv_path_XGETTEXT=/usr/bin/xgettext
ac_cv_path_ac_pt_PKG_CONFIG=/usr/bin/pkg-config
ac_cv_path_install='/usr/bin/install -c'
ac_cv_prog_AWK=mawk
ac_cv_prog_CPP='gcc -E'
ac_cv_prog_ac_ct_CC=gcc
ac_cv_prog_cc_g=yes
ac_cv_prog_cc_stdc=
ac_cv_prog_egrep='grep -E'
ac_cv_prog_make_make_set=yes
ac_cv_search_strerror='none required'
am_cv_CC_dependencies_compiler_type=gcc3
am_cv_prog_cc_stdc=
am_cv_val_LC_MESSAGES=yes
gt_cv_func_dgettext_libc=yes
gt_cv_func_dgettext_libintl=no
gt_cv_func_ngettext_libc=yes
gt_cv_have_gettext=yes
pkg_cv_PACKAGE_CFLAGS='-DXTHREADS -I/usr/include/gtk-2.0 -I/usr/lib/gtk-2.0/include -I/usr/X11R6/include -I/usr/include/atk-1.0 -I/usr/include/pango-1.0 -I/usr/include/freetype2 -I/usr/include/glib-2.0 -I/usr/lib/glib-2.0/include  '
pkg_cv_PACKAGE_LIBS='-lgtk-x11-2.0 -lgdk-x11-2.0 -latk-1.0 -lgdk_pixbuf-2.0 -lm -lpangoxft-1.0 -lpangox-1.0 -lpangoft2-1.0 -lpango-1.0 -lgobject-2.0 -lgmodule-2.0 -ldl -lglib-2.0  '

## ----------------- ##
## Output variables. ##
## ----------------- ##

ACLOCAL='${SHELL} /home/sukria/src/backup-manager/upstream/backup-manager/ui/missing --run aclocal-1.8'
AMDEPBACKSLASH='\'
AMDEP_FALSE='#'
AMDEP_TRUE=''
AMTAR='${SHELL} /home/sukria/src/backup-manager/upstream/backup-manager/ui/missing --run tar'
AUTOCONF='${SHELL} /home/sukria/src/backup-manager/upstream/backup-manager/ui/missing --run autoconf'
AUTOHEADER='${SHELL} /home/sukria/src/backup-manager/upstream/backup-manager/ui/missing --run autoheader'
AUTOMAKE='${SHELL} /home/sukria/src/backup-manager/upstream/backup-manager/ui/missing --run automake-1.8'
AWK='mawk'
CATALOGS=''
CATOBJEXT='.gmo'
CC='gcc'
CCDEPMODE='depmode=gcc3'
CFLAGS='-g -O2'
CPP='gcc -E'
CPPFLAGS=''
CYGPATH_W='echo'
DATADIRNAME='share'
DEFS='-DHAVE_CONFIG_H'
DEPDIR='.deps'
ECHO_C=''
ECHO_N='-n'
ECHO_T=''
EGREP='grep -E'
EXEEXT=''
GETTEXT_PACKAGE='backup-manager-ui'
GMOFILES=''
GMSGFMT='/usr/bin/msgfmt'
INSTALL_DATA='${INSTALL} -m 644'
INSTALL_PROGRAM='${INSTALL}'
INSTALL_SCRIPT='${INSTALL}'
INSTALL_STRIP_PROGRAM='${SHELL} $(install_sh) -c -s'
INSTOBJEXT='.mo'
INTLLIBS=''
LDFLAGS=''
LIBOBJS=''
LIBS=''
LTLIBOBJS=''
MAINT=''
MAINTAINER_MODE_FALSE='#'
MAINTAINER_MODE_TRUE=''
MAKEINFO='${SHELL} /home/sukria/src/backup-manager/upstream/backup-manager/ui/missing --run makeinfo'
MKINSTALLDIRS='./mkinstalldirs'
MSGFMT='/usr/bin/msgfmt'
OBJEXT='o'
PACKAGE='backup-manager-ui'
PACKAGE_BUGREPORT=''
PACKAGE_CFLAGS='-DXTHREADS -I/usr/include/gtk-2.0 -I/usr/lib/gtk-2.0/include -I/usr/X11R6/include -I/usr/include/atk-1.0 -I/usr/include/pango-1.0 -I/usr/include/freetype2 -I/usr/include/glib-2.0 -I/usr/lib/glib-2.0/include  '
PACKAGE_LIBS='-lgtk-x11-2.0 -lgdk-x11-2.0 -latk-1.0 -lgdk_pixbuf-2.0 -lm -lpangoxft-1.0 -lpangox-1.0 -lpangoft2-1.0 -lpango-1.0 -lgobject-2.0 -lgmodule-2.0 -ldl -lglib-2.0  '
PACKAGE_NAME=''
PACKAGE_STRING=''
PACKAGE_TARNAME=''
PACKAGE_VERSION=''
PATH_SEPARATOR=':'
PKG_CONFIG='/usr/bin/pkg-config'
POFILES=''
POSUB='po'
PO_IN_DATADIR_FALSE=''
PO_IN_DATADIR_TRUE=''
SET_MAKE=''
SHELL='/bin/sh'
STRIP=''
USE_NLS='yes'
VERSION='0.1'
XGETTEXT='/usr/bin/xgettext'
ac_ct_CC='gcc'
ac_ct_STRIP=''
ac_pt_PKG_CONFIG='/usr/bin/pkg-config'
am__fastdepCC_FALSE='#'
am__fastdepCC_TRUE=''
am__include='include'
am__leading_dot='.'
am__quote=''
bindir='${exec_prefix}/bin'
build_alias=''
datadir='${prefix}/share'
exec_prefix='${prefix}'
host_alias=''
includedir='${prefix}/include'
infodir='${prefix}/info'
install_sh='/home/sukria/src/backup-manager/upstream/backup-manager/ui/install-sh'
libdir='${exec_prefix}/lib'
libexecdir='${exec_prefix}/libexec'
localstatedir='${prefix}/var'
mandir='${prefix}/man'
mkdir_p='mkdir -p -- .'
oldincludedir='/usr/include'
prefix='/usr/local'
program_transform_name='s,x,x,'
sbindir='${exec_prefix}/sbin'
sharedstatedir='${prefix}/com'
sysconfdir='${prefix}/etc'
target_alias=''

## ----------- ##
## confdefs.h. ##
## ----------- ##

#define ENABLE_NLS 1
#define GETTEXT_PACKAGE "backup-manager-ui"
#define HAVE_BIND_TEXTDOMAIN_CODESET 1
#define HAVE_DCGETTEXT 1
#define HAVE_GETTEXT 1
#define HAVE_INTTYPES_H 1
#define HAVE_LC_MESSAGES 1
#define HAVE_LOCALE_H 1
#define HAVE_MEMORY_H 1
#define HAVE_STDINT_H 1
#define HAVE_STDLIB_H 1
#define HAVE_STRINGS_H 1
#define HAVE_STRING_H 1
#define HAVE_SYS_STAT_H 1
#define HAVE_SYS_TYPES_H 1
#define HAVE_UNISTD_H 1
#define PACKAGE "backup-manager-ui"
#define PACKAGE_BUGREPORT ""
#define PACKAGE_NAME ""
#define PACKAGE_STRING ""
#define PACKAGE_TARNAME ""
#define PACKAGE_VERSION ""
#define STDC_HEADERS 1
#define VERSION "0.1"

configure: exit 0
